This file contains any messages produced by compilers while
running configure, to aid debugging if configure makes a mistake.

It was created by SystemC configure 2.3.1, which was
generated by GNU Autoconf 2.69.  Invocation command line was

  $ ../configure 

## --------- ##
## Platform. ##
## --------- ##

hostname = lmde
uname -m = x86_64
uname -r = 3.16.0-4-amd64
uname -s = Linux
uname -v = #1 SMP Debian 3.16.39-1 (2016-12-30)

/usr/bin/uname -p = unknown
/bin/uname -X     = unknown

/bin/arch              = unknown
/usr/bin/arch -k       = unknown
/usr/convex/getsysinfo = unknown
/usr/bin/hostinfo      = unknown
/bin/machine           = unknown
/usr/bin/oslevel       = unknown
/bin/universe          = unknown

PATH: /usr/local/bin
PATH: /usr/bin
PATH: /bin
PATH: /usr/local/games
PATH: /usr/games
PATH: /usr/local/sbin
PATH: /usr/sbin
PATH: /sbin


## ----------- ##
## Core tests. ##
## ----------- ##

configure:2373: checking build system type
configure:2387: result: x86_64-unknown-linux-gnu
configure:2407: checking host system type
configure:2420: result: x86_64-unknown-linux-gnu
configure:2440: checking target system type
configure:2453: result: x86_64-unknown-linux-gnu
configure:2496: checking for a BSD-compatible install
configure:2564: result: /usr/bin/install -c
configure:2575: checking whether build environment is sane
configure:2625: result: yes
configure:2766: checking for a thread-safe mkdir -p
configure:2805: result: /bin/mkdir -p
configure:2818: checking for gawk
configure:2834: found /usr/bin/gawk
configure:2845: result: gawk
configure:2856: checking whether make sets $(MAKE)
configure:2878: result: yes
configure:2944: checking how to create a pax tar archive
configure:2957: tar --version
tar (GNU tar) 1.27.1
Copyright (C) 2013 Free Software Foundation, Inc.
License GPLv3+: GNU GPL version 3 or later <http://gnu.org/licenses/gpl.html>.
This is free software: you are free to change and redistribute it.
There is NO WARRANTY, to the extent permitted by law.

Written by John Gilmore and Jay Fenlason.
configure:2960: $? = 0
configure:3000: tardir=conftest.dir && eval tar --format=posix -chf - "$tardir" >conftest.tar
configure:3003: $? = 0
configure:3007: tar -xf - <conftest.tar
configure:3010: $? = 0
configure:3023: result: gnutar
configure:3042: checking whether make supports nested variables
configure:3059: result: yes
configure:3186: checking for C++ compiler version
configure:3195: <compiler> --version >&5
../configure: line 3197: <compiler>: command not found
configure:3206: $? = 127
configure:3195: <compiler> -v >&5
../configure: line 3197: <compiler>: command not found
configure:3206: $? = 127
configure:3195: <compiler> -V >&5
../configure: line 3197: <compiler>: command not found
configure:3206: $? = 127
configure:3195: <compiler> -qversion >&5
../configure: line 3197: <compiler>: command not found
configure:3206: $? = 127
configure:3226: checking whether the C++ compiler works
configure:3248: <compiler>    conftest.cpp  >&5
../configure: line 3250: <compiler>: command not found
configure:3252: $? = 127
configure:3290: result: no
configure: failed program was:
| /* confdefs.h */
| #define PACKAGE_NAME "SystemC"
| #define PACKAGE_TARNAME "systemc"
| #define PACKAGE_VERSION "2.3.1"
| #define PACKAGE_STRING "SystemC 2.3.1"
| #define PACKAGE_BUGREPORT "http://forums.accellera.org/forum/9-systemc/"
| #define PACKAGE_URL "http://accellera.org/"
| /* end confdefs.h.  */
| 
| int
| main ()
| {
| 
|   ;
|   return 0;
| }
configure:3295: error: in `/home/astroboy/Documents/AltoNivel/Proyecto2/_dotlrn-fs.Projects_/systemc-2.3.1/objdir':
configure:3297: error: C++ compiler cannot create executables
See `config.log' for more details

## ---------------- ##
## Cache variables. ##
## ---------------- ##

ac_cv_build=x86_64-unknown-linux-gnu
ac_cv_env_CCASFLAGS_set=
ac_cv_env_CCASFLAGS_value=
ac_cv_env_CCAS_set=
ac_cv_env_CCAS_value=
ac_cv_env_CCC_set=
ac_cv_env_CCC_value=
ac_cv_env_CC_set=
ac_cv_env_CC_value=
ac_cv_env_CFLAGS_set=
ac_cv_env_CFLAGS_value=
ac_cv_env_CPPFLAGS_set=
ac_cv_env_CPPFLAGS_value=
ac_cv_env_CPP_set=
ac_cv_env_CPP_value=
ac_cv_env_CXXCPP_set=
ac_cv_env_CXXCPP_value=
ac_cv_env_CXXFLAGS_set=
ac_cv_env_CXXFLAGS_value=
ac_cv_env_CXX_set=set
ac_cv_env_CXX_value='<compiler>'
ac_cv_env_LDFLAGS_set=
ac_cv_env_LDFLAGS_value=
ac_cv_env_LIBS_set=
ac_cv_env_LIBS_value=
ac_cv_env_build_alias_set=
ac_cv_env_build_alias_value=
ac_cv_env_host_alias_set=
ac_cv_env_host_alias_value=
ac_cv_env_target_alias_set=
ac_cv_env_target_alias_value=
ac_cv_host=x86_64-unknown-linux-gnu
ac_cv_path_install='/usr/bin/install -c'
ac_cv_path_mkdir=/bin/mkdir
ac_cv_prog_AWK=gawk
ac_cv_prog_make_make_set=yes
ac_cv_target=x86_64-unknown-linux-gnu
am_cv_make_support_nested_variables=yes
am_cv_prog_tar_pax=gnutar

## ----------------- ##
## Output variables. ##
## ----------------- ##

ACLOCAL='${SHELL} /home/astroboy/Documents/AltoNivel/Proyecto2/_dotlrn-fs.Projects_/systemc-2.3.1/config/missing --run aclocal-1.11'
AMDEPBACKSLASH=''
AMDEP_FALSE=''
AMDEP_TRUE=''
AMTAR='$${TAR-tar}'
AM_BACKSLASH='\'
AM_DEFAULT_V='$(AM_DEFAULT_VERBOSITY)'
AM_DEFAULT_VERBOSITY='0'
AM_V='$(V)'
AR=''
AUTOCONF='${SHELL} /home/astroboy/Documents/AltoNivel/Proyecto2/_dotlrn-fs.Projects_/systemc-2.3.1/config/missing --run autoconf'
AUTOHEADER='${SHELL} /home/astroboy/Documents/AltoNivel/Proyecto2/_dotlrn-fs.Projects_/systemc-2.3.1/config/missing --run autoheader'
AUTOMAKE='${SHELL} /home/astroboy/Documents/AltoNivel/Proyecto2/_dotlrn-fs.Projects_/systemc-2.3.1/config/missing --run automake-1.11'
AWK='gawk'
CC=''
CCAS=''
CCASDEPMODE=''
CCASFLAGS=''
CCDEPMODE=''
CFLAGS=''
CPP=''
CPPFLAGS=''
CXX='<compiler>'
CXXCPP=''
CXXDEPMODE=''
CXXFLAGS=''
CYGPATH_W='echo'
DEBUG_CXXFLAGS=''
DEFS=''
DEPDIR=''
DISABLE_ASYNC_UPDATES_FALSE=''
DISABLE_ASYNC_UPDATES_TRUE=''
DLLTOOL=''
DSYMUTIL=''
DUMPBIN=''
ECHO_C=''
ECHO_N='-n'
ECHO_T=''
EGREP=''
ENABLE_CALLBACKS_FALSE=''
ENABLE_CALLBACKS_TRACING_FALSE=''
ENABLE_CALLBACKS_TRACING_TRUE=''
ENABLE_CALLBACKS_TRUE=''
EXEEXT=''
EXPLICIT_LPTHREAD=''
EXTRA_ASFLAGS=''
EXTRA_CFLAGS=''
EXTRA_CXXFLAGS=''
FGREP=''
GREP=''
INSTALL_DATA='${INSTALL} -m 644'
INSTALL_PROGRAM='${INSTALL}'
INSTALL_SCRIPT='${INSTALL}'
INSTALL_STRIP_PROGRAM='$(install_sh) -c -s'
LD=''
LDFLAGS=''
LDFLAG_RPATH=''
LIBCONFIG_DEFINES=''
LIBOBJS=''
LIBS=''
LIBTOOL=''
LIB_ARCH_SUFFIX=''
LIPO=''
LN_S=''
LTLIBOBJS=''
MAKEINFO='${SHELL} /home/astroboy/Documents/AltoNivel/Proyecto2/_dotlrn-fs.Projects_/systemc-2.3.1/config/missing --run makeinfo'
MANIFEST_TOOL=''
MKDIR_P='/bin/mkdir -p'
NM=''
NMEDIT=''
OBJDUMP=''
OBJEXT=''
OPT_CXXFLAGS=''
OTOOL64=''
OTOOL=''
PACKAGE='systemc'
PACKAGE_BUGREPORT='http://forums.accellera.org/forum/9-systemc/'
PACKAGE_NAME='SystemC'
PACKAGE_STRING='SystemC 2.3.1'
PACKAGE_TARNAME='systemc'
PACKAGE_URL='http://accellera.org/'
PACKAGE_VERSION='2.3.1'
PATH_SEPARATOR=':'
PKGCONFIG_CFLAGS=''
PKGCONFIG_DEFINES=''
PKGCONFIG_LDPRIV=''
PTHREAD_CC=''
PTHREAD_CFLAGS=''
PTHREAD_LIBS=''
QT_ARCH=''
QT_ARCH_HPPA_FALSE=''
QT_ARCH_HPPA_TRUE=''
QT_ARCH_POWERPC_MACOSX_FALSE=''
QT_ARCH_POWERPC_MACOSX_TRUE=''
QT_ARCH_PTHREADS_FALSE=''
QT_ARCH_PTHREADS_TRUE=''
QT_ARCH_SPARC_FALSE=''
QT_ARCH_SPARC_TRUE=''
QT_ARCH_X86_64_FALSE=''
QT_ARCH_X86_64_TRUE=''
QT_ARCH_X86_FALSE=''
QT_ARCH_X86_TRUE=''
RANLIB=''
SED=''
SEPARATE_BUILD_TREE_FALSE=''
SEPARATE_BUILD_TREE_TRUE=''
SEPARATE_INSTALL_TREE_FALSE=''
SEPARATE_INSTALL_TREE_TRUE=''
SET_MAKE=''
SHELL='/bin/bash'
STRIP=''
TARGET_ARCH=''
TLM_PACKAGE_VERSION='2.0.3'
USES_PTHREADS_LIB_FALSE=''
USES_PTHREADS_LIB_TRUE=''
VERSION='2.3.1'
WANT_DEBUG_FALSE=''
WANT_DEBUG_TRUE=''
WANT_OPTIMIZE_FALSE=''
WANT_OPTIMIZE_TRUE=''
WANT_PTHREADS_THREADS_FALSE=''
WANT_PTHREADS_THREADS_TRUE=''
WANT_QT_THREADS_FALSE=''
WANT_QT_THREADS_TRUE=''
ac_ct_AR=''
ac_ct_CC=''
ac_ct_CXX=''
ac_ct_DUMPBIN=''
am__EXEEXT_FALSE=''
am__EXEEXT_TRUE=''
am__fastdepCCAS_FALSE=''
am__fastdepCCAS_TRUE=''
am__fastdepCC_FALSE=''
am__fastdepCC_TRUE=''
am__fastdepCXX_FALSE=''
am__fastdepCXX_TRUE=''
am__include=''
am__isrc=' -I$(srcdir)'
am__leading_dot='.'
am__nodep=''
am__quote=''
am__tar='tar --format=posix -chf - "$$tardir"'
am__untar='tar -xf -'
ax_pthread_config=''
bindir='${exec_prefix}/bin'
build='x86_64-unknown-linux-gnu'
build_alias=''
build_cpu='x86_64'
build_os='linux-gnu'
build_vendor='unknown'
datadir='${datarootdir}'
datarootdir='${prefix}/share'
docdir='${datarootdir}/doc/${PACKAGE_TARNAME}'
dvidir='${docdir}'
examplesdir=''
exec_prefix='NONE'
host='x86_64-unknown-linux-gnu'
host_alias=''
host_cpu='x86_64'
host_os='linux-gnu'
host_vendor='unknown'
htmldir='${docdir}'
includedir='${prefix}/include'
infodir='${datarootdir}/info'
install_sh='${SHELL} /home/astroboy/Documents/AltoNivel/Proyecto2/_dotlrn-fs.Projects_/systemc-2.3.1/config/install-sh'
libarchdir=''
libdir='${exec_prefix}/lib'
libexecdir='${exec_prefix}/libexec'
localedir='${datarootdir}/locale'
localstatedir='${prefix}/var'
mandir='${datarootdir}/man'
mkdir_p='/bin/mkdir -p'
oldincludedir='/usr/include'
pdfdir='${docdir}'
prefix='NONE'
program_transform_name='s,x,x,'
psdir='${docdir}'
rootdocdir=''
sbindir='${exec_prefix}/sbin'
sharedstatedir='${prefix}/com'
sysconfdir='${prefix}/etc'
target='x86_64-unknown-linux-gnu'
target_alias=''
target_cpu='x86_64'
target_os='linux-gnu'
target_vendor='unknown'

## ----------- ##
## confdefs.h. ##
## ----------- ##

/* confdefs.h */
#define PACKAGE_NAME "SystemC"
#define PACKAGE_TARNAME "systemc"
#define PACKAGE_VERSION "2.3.1"
#define PACKAGE_STRING "SystemC 2.3.1"
#define PACKAGE_BUGREPORT "http://forums.accellera.org/forum/9-systemc/"
#define PACKAGE_URL "http://accellera.org/"

configure: exit 77
