15
17
17
17
17
19
19
19
19
1E
1E
1E
1E
25
25
25
25
2F
2F
2F
2F
3B
3B
3B
3B
49
4A
49
4A
59
59
59
59
6B
6B
6B
6B
7D
7D
7D
7D
8F
8F
8F
8F
A0
A0
A0
A0
B0
B0
B0
B0
BF
BF
BF
BF
CB
CA
CB
CA
D4
D4
D4
D4
DB
DA
DB
DB
E0
E0
E0
E0
E1
E2
E2
E2
E4
E4
E4
E4
E4
E4
E4
E4
E4
E4
E4
E4
E4
E4
E4
E4
E4
E4
E3
E4
E5
E6
E6
E6
E7
E7
E8
E7
EA
EA
EA
EA
ED
ED
ED
ED
F1
F1
F1
F1
F5
F5
F5
F5
F7
F7
F7
F6
F7
F8
F7
F8
F8
F7
F7
F7
F5
F5
F5
F5
F0
F0
F0
F0
E9
E9
E9
E9
DF
E0
DF
E0
D5
D5
D5
D5
C9
C9
C9
C9
BD
BD
BD
BD
B0
B0
B0
B0
A3
A3
A3
A3
98
98
99
98
90
90
90
90
8A
8A
8A
8A
85
85
85
85
83
83
83
83
83
83
83
83
85
85
85
85
87
88
88
88
8B
8A
8B
8B
8E
8E
8E
8E
91
91
91
91
92
92
92
91
92
92
92
91
8F
8F
90
8F
8D
8D
8D
8D
88
88
88
88
83
83
83
83
7C
7C
7C
7C
76
76
76
76
72
72
72
72
6D
6D
6D
6D
6A
6A
6A
6A
68
68
68
68
68
68
68
68
69
69
69
69
6C
6C
6C
6C
6F
6F
6F
6F
72
72
72
72
74
75
75
75
76
76
76
76
76
76
76
76
75
75
74
75
70
70
70
70
6A
6A
6A
6A
61
61
61
61
56
56
56
56
49
4A
4A
4A
3D
3D
3D
3D
30
30
30
30
24
24
24
24
19
19
19
19
F
F
F
F
8
9
8
8
3
3
3
3
1
0
0
0
0
0
0
0
1
1
1
1
3
3
3
3
7
7
7
8
B
B
B
B
E
E
E
E
11
11
11
11
13
13
13
13
15
15
15
15
15
15
15
15
15
15
15
15
15
15
15
15
15
15
15
15
17
17
17
18
19
19
19
19
1E
1E
1E
1E
25
25
25
25
2F
2F
2F
2F
3B
3B
3B
3B
4A
49
49
4A
59
59
59
59
6B
6B
6B
6B
7D
7D
7D
7D
8F
8F
8F
8F
A0
A0
A0
A0
B0
B0
B0
B0
BF
BF
BF
BF
CA
CA
CA
CA
D4
D4
D4
D4
DB
DB
DB
DB
DF
E0
E0
E0
E2
E2
E2
E2
E3
E4
E4
E4
E4
E4
E4
E4
E4
E4
E4
E4
E4
E4
E4
E4
E4
E4
E4
E4
E6
E5
E6
E6
E8
E7
E7
E7
EA
EA
EA
EA
ED
ED
ED
ED
F1
F1
F1
F1
F5
F5
F5
F5
F7
F7
F7
F7
F8
F7
F8
F8
F8
F8
F7
F7
F5
F5
F4
F5
F0
F0
F0
F0
E9
E9
E9
E9
E0
DF
DF
E0
D5
D5
D5
D5
CA
C9
C9
CA
BD
BD
BD
BD
B0
B0
B0
B0
A3
A3
A3
A3
98
98
98
98
90
90
90
90
8A
8A
8A
8A
85
85
85
85
83
83
83
83
83
83
83
83
85
85
85
85
88
88
88
88
8A
8C
8B
8B
8E
8D
8E
8E
90
91
91
91
92
92
92
92
92
92
92
92
8F
8F
90
8F
8D
8D
8C
8D
88
88
88
88
83
83
83
83
7C
7C
7C
7C
77
76
76
76
72
72
72
72
6D
6D
6D
6D
6A
6A
6A
6A
68
68
68
68
68
68
68
68
69
69
69
69
6C
6C
6C
6C
6F
6F
6F
6F
72
72
72
72
75
74
75
75
76
76
76
76
76
76
76
76
75
75
74
75
70
70
70
70
6A
6A
6A
6A
61
61
61
61
56
56
56
57
4A
4A
4A
4A
3D
3D
3D
3D
30
30
30
30
24
24
24
24
19
19
19
1A
F
F
F
F
8
8
8
8
3
3
3
3
0
0
0
0
0
0
0
0
1
1
1
1
3
3
3
3
7
7
7
7
B
B
B
B
E
E
E
E
11
11
11
11
13
13
13
13
15
15
15
15
15
15
15
15
15
15
15
15
15
15
15
15
15
15
15
15
17
17
17
17
19
19
19
19
1E
1E
1E
1E
25
25
25
25
2F
2F
2F
2F
3B
3B
3B
3B
4A
4A
49
4A
59
59
59
59
6B
6B
6B
6B
7D
7D
7D
7D
8E
8E
8F
8E
A0
A0
A0
A0
B0
B0
B0
B0
BF
BF
BF
BF
CA
CA
CA
CB
D4
D4
D4
D4
DB
DB
DB
DA
E0
E0
E0
E0
E2
E2
E1
E1
E3
E4
E4
E3
E4
E4
E4
E4
E4
E4
E3
E3
E3
E4
E4
E4
E4
E3
E4
E4
E6
E6
E5
E5
E7
E7
E7
E7
EA
EA
EA
EA
ED
ED
ED
ED
F1
F1
F1
F1
F5
F5
F5
F5
F7
F7
F7
F7
F7
F8
F7
F8
F8
F7
F8
F7
F5
F5
F5
F5
F0
F0
F0
F0
E9
E9
E9
E9
E0
DF
E0
E0
D5
D5
D5
D5
CA
CA
C9
CA
BD
BD
BD
BD
B0
B0
B0
B0
A3
A3
A3
A3
98
98
99
98
90
8F
90
90
8A
8A
8A
89
85
85
85
85
83
83
83
84
83
84
83
83
85
85
85
85
88
88
88
87
8B
8B
8A
8B
8D
8D
8E
8D
91
91
91
91
92
92
92
92
92
92
92
92
90
90
90
90
8D
8D
8D
8D
87
88
88
88
83
83
83
83
7C
7C
7C
7C
76
76
76
76
72
72
72
72
6D
6D
6D
6D
6A
6A
6A
6A
68
68
68
68
68
68
68
68
69
69
69
69
6C
6C
6C
6C
6F
6F
6F
6F
72
72
72
72
75
75
75
75
76
76
76
76
76
77
76
76
75
75
74
75
70
70
70
70
6A
6A
6A
6A
61
61
61
61
56
56
56
56
49
49
49
4B
3D
3D
3D
3D
30
30
30
30
24
24
24
24
19
19
19
19
F
F
F
F
8
8
8
8
3
3
3
3
0
0
0
0
0
0
0
0
1
1
1
1
3
3
3
3
7
7
7
7
B
B
B
B
E
E
E
E
11
11
11
11
13
13
13
13
15
15
15
15
15
15
15
15
15
15
15
15
15
15
15
16
15
15
15
15
17
17
17
17
19
19
19
19
1E
1E
1E
1E
25
25
25
25
30
2F
2F
2F
3B
3B
3B
3B
4A
4A
4A
4A
59
59
59
59
6B
6B
6B
6B
7D
7D
7D
7D
8F
8F
8E
8F
A0
A0
A0
A0
B0
B0
B0
B0
BF
BF
BF
BF
CA
CB
CA
CA
D4
D5
D4
D4
DA
DB
DB
DB
DF
E0
E0
E0
E2
E1
E2
E2
E4
E3
E4
E4
E3
E4
E4
E4
E4
E4
E4
E4
E4
E4
E4
E4
E4
E4
E4
E4
E6
E6
E6
E5
E7
E7
E7
E7
EA
EA
EA
EA
ED
ED
ED
ED
F1
F1
F1
F1
F5
F5
F5
F5
F7
F7
F7
F7
F8
F8
F8
F8
F7
F8
F8
F8
F5
F5
F5
F5
F0
F0
F0
F0
E9
E9
E9
E9
E0
E0
DF
E0
D5
D5
D5
D5
C9
C9
CA
C9
BD
BD
BD
BD
B0
B0
B0
B0
A3
A3
A3
A3
98
98
99
99
8F
8F
8F
90
8A
89
8A
8A
85
85
85
85
83
83
83
83
83
83
83
83
85
85
85
85
88
88
88
88
8B
8B
8B
8B
8E
8E
8E
8D
91
91
91
91
92
92
92
92
92
92
92
92
90
90
90
90
8D
8D
8D
8D
88
88
88
88
83
83
83
83
7C
7C
7C
7C
76
76
76
76
72
72
72
72
6D
6D
6D
6D
6A
6A
6A
6A
68
68
68
68
68
68
68
68
69
69
69
69
6C
6C
6C
6C
6F
6F
6F
6F
72
72
72
72
75
74
75
75
76
76
77
76
76
76
76
76
75
75
75
75
70
70
70
70
6A
6A
6A
6A
61
61
61
61
56
56
56
56
4A
4A
4A
4A
3D
3D
3D
3D
30
30
30
30
24
24
24
24
19
19
19
19
F
F
F
F
8
8
8
8
3
3
3
3
0
0
0
1
0
0
0
0
1
2
1
1
3
3
3
3
7
7
7
7
B
B
B
B
E
E
E
E
11
11
11
11
13
13
13
13
15
15
15
15
15
15
15
15
15
15
15
15
15
15
15
15
15
15
15
15
17
17
17
17
19
19
19
19
1E
1E
1E
1E
25
25
25
25
2F
2F
2F
2F
3B
3B
3B
3B
4A
4A
4A
4A
59
59
59
59
6B
6B
6B
6B
7D
7D
7D
7D
8F
8E
8E
8F
A0
A0
A0
A0
B0
B0
B0
B0
BF
BF
BF
BF
CA
CA
CB
CA
D4
D4
D4
D4
DB
DB
DB
DB
E0
DF
DF
E0
E1
E2
E2
E2
E4
E4
E3
E4
E4
E4
E4
E4
E4
E4
E4
E4
E4
E4
E4
E4
E4
E4
E4
E4
E6
E5
E6
E6
E7
E7
E7
E7
EA
EA
EA
EA
ED
ED
ED
ED
F1
F1
F1
F1
F5
F5
F5
F5
F7
F7
F7
F7
F7
F7
F7
F8
F8
F7
F7
F8
F5
F5
F5
F5
F0
F0
F0
F0
E9
E9
E9
E9
E0
E0
E0
E0
D5
D5
D5
D5
C9
CA
C9
C9
BD
BD
BD
BD
B0
B0
B0
B0
A3
A3
A3
A3
99
99
99
99
8F
90
8F
90
8A
8A
8A
8A
85
85
85
85
83
83
83
83
83
83
83
83
85
85
85
85
88
88
88
88
8B
8B
8B
8A
8E
8E
8E
8E
91
91
90
91
92
91
92
92
92
91
92
92
90
90
90
90
8D
8D
8D
8D
88
88
88
88
83
83
83
83
7C
7C
7C
7C
76
76
76
77
72
72
72
72
6D
6D
6D
6D
6A
6A
6A
6A
68
68
68
68
68
68
68
68
69
69
69
69
6C
6C
6C
6C
6F
6F
6F
6F
72
72
72
72
75
74
74
75
76
76
76
76
76
76
76
76
75
75
75
75
70
70
70
70
6A
6A
6A
6A
61
61
61
61
56
56
56
56
4A
4A
4A
4A
3D
3D
3D
3D
30
31
30
30
24
24
24
24
19
19
19
19
F
F
F
F
8
8
8
8
3
3
3
3
0
0
0
0
0
1
0
0
1
1
1
1
3
3
3
4
7
7
7
7
B
B
B
B
E
E
E
E
11
11
11
11
13
13
13
13
15
15
15
15
15
15
15
15
15
15
15
15
15
15
15
15
15
15
15